<?xml version="1.0" encoding="UTF-8"?>
<!-- Generated by org.testng.reporters.JUnitReportReporter -->
<testsuite hostname="Lenovo-Don" failures="0" tests="3" name="twitterapitest.TwitterTests" time="6.887" errors="0" timestamp="9 Aug 2021 22:47:04 GMT">
  <testcase classname="twitterapitest.TwitterTests" name="getRecentTweet" time="2.347"/>
  <testcase classname="twitterapitest.TwitterTests" name="createNewTweet" time="3.410"/>
  <testcase classname="twitterapitest.TwitterTests" name="deleteExistingTweet" time="1.130"/>
</testsuite> <!-- twitterapitest.TwitterTests -->
